<?xml version="1.0" encoding="UTF-8"?>
<!-- Generated by org.testng.reporters.JUnitReportReporter -->
<testsuite hostname="BM4RQFJR2" failures="0" tests="1" name="TestProgram.ShoppingCartTest" time="76.103" errors="0" timestamp="2020-11-04T15:29:23 IST" skipped="0">
  <testcase classname="TestProgram.ShoppingCartTest" name="ElementAdd" time="76.103"/>
  <system-out/>
</testsuite> <!-- TestProgram.ShoppingCartTest -->
