<?xml version="1.0" encoding="UTF-8"?>
<!-- Generated by org.testng.reporters.JUnitReportReporter -->
<testsuite hostname="BM4RQFJR2" failures="0" tests="1" name="TestProgram.ShoppingCartTest" time="60.238" errors="0" timestamp="2020-11-04T17:34:47 IST" skipped="0">
  <testcase classname="TestProgram.ShoppingCartTest" name="ElementAdd" time="60.238"/>
  <system-out/>
</testsuite> <!-- TestProgram.ShoppingCartTest -->
